<?xml version="1.0" encoding="UTF-8"?>
<robot generator="Robot 7.0 (Python 3.11.5 on win32)" generated="2024-06-11T12:01:13.268670" rpa="false" schemaversion="5">
<suite id="s1" name="Preenchimento Incorreto" source="c:\Users\nesso\OneDrive\Área de Trabalho\curso-robot-alura\Testes\preenchimento_incorreto.robot">
<test id="s1-t1" name="Verificar se quando um campo obrigatório não for preenchido corretamente o sistema exibe uma mensagem de campo obrigatório" line="11">
<kw name="Dado que eu acesse o Organo" owner="setup_teardown" type="SETUP">
<kw name="Open Browser" owner="SeleniumLibrary">
<msg time="2024-06-11T12:01:14.061375" level="INFO">Opening browser 'Chrome' to base url 'http://localhost:3000/'.</msg>
<arg>url=http://localhost:3000/</arg>
<arg>browser=Chrome</arg>
<doc>Opens a new browser instance to the optional ``url``.</doc>
<status status="PASS" start="2024-06-11T12:01:14.061375" elapsed="3.023619"/>
</kw>
<status status="PASS" start="2024-06-11T12:01:14.058967" elapsed="3.026027"/>
</kw>
<kw name="Dado que eu clique no botão criar card" owner="cadastro">
<kw name="Click Element" owner="SeleniumLibrary">
<msg time="2024-06-11T12:01:17.086996" level="INFO">Clicking element 'id:form-botao'.</msg>
<arg>${Campo_Card}</arg>
<doc>Click the element identified by ``locator``.</doc>
<status status="PASS" start="2024-06-11T12:01:17.086996" elapsed="0.074308"/>
</kw>
<status status="PASS" start="2024-06-11T12:01:17.085993" elapsed="0.076386"/>
</kw>
<kw name="Então sistema deve apresentar mensagem de campo obrigatório" owner="cadastro">
<kw name="Element Should Be Visible" owner="SeleniumLibrary">
<msg time="2024-06-11T12:01:17.193480" level="INFO">Element 'id:form-nome-erro' is displayed.</msg>
<arg>id:form-nome-erro</arg>
<doc>Verifies that the element identified by ``locator`` is visible.</doc>
<status status="PASS" start="2024-06-11T12:01:17.163306" elapsed="0.030174"/>
</kw>
<kw name="Element Should Be Visible" owner="SeleniumLibrary">
<msg time="2024-06-11T12:01:17.224337" level="INFO">Element 'id:form-cargo-erro' is displayed.</msg>
<arg>id:form-cargo-erro</arg>
<doc>Verifies that the element identified by ``locator`` is visible.</doc>
<status status="PASS" start="2024-06-11T12:01:17.193480" elapsed="0.030857"/>
</kw>
<kw name="Element Should Be Visible" owner="SeleniumLibrary">
<msg time="2024-06-11T12:01:17.253768" level="INFO">Element 'id:form-times-erro' is displayed.</msg>
<arg>id:form-times-erro</arg>
<doc>Verifies that the element identified by ``locator`` is visible.</doc>
<status status="PASS" start="2024-06-11T12:01:17.224337" elapsed="0.029939"/>
</kw>
<status status="PASS" start="2024-06-11T12:01:17.162379" elapsed="0.091897"/>
</kw>
<kw name="Fechar o navegador" owner="setup_teardown" type="TEARDOWN">
<kw name="Close Browser" owner="SeleniumLibrary">
<doc>Closes the current browser.</doc>
<status status="PASS" start="2024-06-11T12:01:17.255288" elapsed="2.176871"/>
</kw>
<status status="PASS" start="2024-06-11T12:01:17.254276" elapsed="2.178800"/>
</kw>
<status status="PASS" start="2024-06-11T12:01:14.057409" elapsed="5.376640"/>
</test>
<status status="PASS" start="2024-06-11T12:01:13.274645" elapsed="6.162409"/>
</suite>
<statistics>
<total>
<stat pass="1" fail="0" skip="0">All Tests</stat>
</total>
<tag>
</tag>
<suite>
<stat pass="1" fail="0" skip="0" id="s1" name="Preenchimento Incorreto">Preenchimento Incorreto</stat>
</suite>
</statistics>
<errors>
</errors>
</robot>
